c:\users\07ole\source\repos\space-ball\spaceball\spaceball\debug\spaceball.pch
c:\users\07ole\source\repos\space-ball\spaceball\spaceball\debug\vc142.pdb
c:\users\07ole\source\repos\space-ball\spaceball\spaceball\debug\vc142.idb
c:\users\07ole\source\repos\space-ball\spaceball\spaceball\debug\stdafx.obj
c:\users\07ole\source\repos\space-ball\spaceball\spaceball\debug\main.obj
c:\users\07ole\source\repos\space-ball\spaceball\debug\spaceball.exe
c:\users\07ole\source\repos\space-ball\spaceball\debug\spaceball.ilk
c:\users\07ole\source\repos\space-ball\spaceball\debug\spaceball.pdb
c:\users\07ole\source\repos\space-ball\spaceball\spaceball\debug\exception.obj
c:\users\07ole\source\repos\space-ball\spaceball\spaceball\debug\exceptionhandler.obj
c:\users\07ole\source\repos\space-ball\spaceball\spaceball\debug\exceptionhandlerbuilder.obj
c:\users\07ole\source\repos\space-ball\spaceball\spaceball\debug\game.obj
c:\users\07ole\source\repos\space-ball\spaceball\spaceball\debug\renderwindowbuilder.obj
c:\users\07ole\source\repos\space-ball\spaceball\spaceball\debug\supportedkeysmapbuilder.obj
c:\users\07ole\source\repos\space-ball\spaceball\spaceball\debug\renderwindowbuilder.obj.enc
c:\users\07ole\source\repos\space-ball\spaceball\spaceball\debug\vc141.idb
c:\users\07ole\source\repos\space-ball\spaceball\spaceball\debug\vc141.pdb
c:\users\07ole\source\repos\space-ball\spaceball\spaceball\debug\spaceball.tlog\cl.command.1.tlog
c:\users\07ole\source\repos\space-ball\spaceball\spaceball\debug\spaceball.tlog\cl.read.1.tlog
c:\users\07ole\source\repos\space-ball\spaceball\spaceball\debug\spaceball.tlog\cl.write.1.tlog
c:\users\07ole\source\repos\space-ball\spaceball\spaceball\debug\spaceball.tlog\link.command.1.tlog
c:\users\07ole\source\repos\space-ball\spaceball\spaceball\debug\spaceball.tlog\link.read.1.tlog
c:\users\07ole\source\repos\space-ball\spaceball\spaceball\debug\spaceball.tlog\link.write.1.tlog
